<?xml version="1.0" encoding="UTF-8"?>
<!-- Generated by org.testng.reporters.JUnitXMLReporter -->
<testsuite ignored="0" hostname="WS-DELL-9FV9LG3" failures="0" tests="8" name="Default test" time="58.995" errors="0" timestamp="2024-01-16T20:41:10 IST">
  <testcase classname="in.automateORM.loginPageTest" name="normalLogin" time="2.664"/>
  <testcase classname="in.automateORM.loginPageTest" name="lowercaseLogin" time="3.444"/>
  <testcase classname="in.automateORM.loginPageTest" name="uppercaseLogin" time="2.588"/>
  <testcase classname="in.automateORM.loginPageTest" name="invalidUsername" time="3.419"/>
  <testcase classname="in.automateORM.loginPageTest" name="invalidPassword" time="3.413"/>
  <testcase classname="in.automateORM.loginPageTest" name="emptyUsername" time="3.38"/>
  <testcase classname="in.automateORM.loginPageTest" name="emptyPassword" time="3.281"/>
  <testcase classname="in.automateORM.loginPageTest" name="emptyCred" time="3.353"/>
</testsuite> <!-- Default test -->
