<?xml version="1.0" encoding="UTF-8"?>
<testng-results ignored="0" total="8" passed="8" failed="0" skipped="0">
  <reporter-output>
  </reporter-output>
  <suite started-at="2024-01-16T20:40:11 IST" name="Default suite" finished-at="2024-01-16T20:41:10 IST" duration-ms="58995">
    <groups>
    </groups>
    <test started-at="2024-01-16T20:40:11 IST" name="Default test" finished-at="2024-01-16T20:41:10 IST" duration-ms="58995">
      <class name="in.automateORM.loginPageTest">
        <test-method is-config="true" signature="setUp()[pri:0, instance:in.automateORM.loginPageTest@a2431d0]" started-at="2024-01-16T20:40:11 IST" name="setUp" finished-at="2024-01-16T20:40:15 IST" duration-ms="4833" status="PASS">
          <reporter-output>
          </reporter-output>
        </test-method> <!-- setUp -->
        <test-method signature="normalLogin()[pri:1, instance:in.automateORM.loginPageTest@a2431d0]" started-at="2024-01-16T20:40:15 IST" name="normalLogin" finished-at="2024-01-16T20:40:18 IST" duration-ms="2664" status="PASS">
          <reporter-output>
          </reporter-output>
        </test-method> <!-- normalLogin -->
        <test-method is-config="true" signature="tearDown()[pri:0, instance:in.automateORM.loginPageTest@a2431d0]" started-at="2024-01-16T20:40:18 IST" name="tearDown" finished-at="2024-01-16T20:40:18 IST" duration-ms="250" status="PASS">
          <reporter-output>
          </reporter-output>
        </test-method> <!-- tearDown -->
        <test-method is-config="true" signature="setUp()[pri:0, instance:in.automateORM.loginPageTest@a2431d0]" started-at="2024-01-16T20:40:18 IST" name="setUp" finished-at="2024-01-16T20:40:22 IST" duration-ms="3381" status="PASS">
          <reporter-output>
          </reporter-output>
        </test-method> <!-- setUp -->
        <test-method signature="lowercaseLogin()[pri:2, instance:in.automateORM.loginPageTest@a2431d0]" started-at="2024-01-16T20:40:22 IST" name="lowercaseLogin" finished-at="2024-01-16T20:40:25 IST" duration-ms="3444" status="PASS">
          <reporter-output>
          </reporter-output>
        </test-method> <!-- lowercaseLogin -->
        <test-method is-config="true" signature="tearDown()[pri:0, instance:in.automateORM.loginPageTest@a2431d0]" started-at="2024-01-16T20:40:25 IST" name="tearDown" finished-at="2024-01-16T20:40:25 IST" duration-ms="285" status="PASS">
          <reporter-output>
          </reporter-output>
        </test-method> <!-- tearDown -->
        <test-method is-config="true" signature="setUp()[pri:0, instance:in.automateORM.loginPageTest@a2431d0]" started-at="2024-01-16T20:40:25 IST" name="setUp" finished-at="2024-01-16T20:40:29 IST" duration-ms="3693" status="PASS">
          <reporter-output>
          </reporter-output>
        </test-method> <!-- setUp -->
        <test-method signature="uppercaseLogin()[pri:3, instance:in.automateORM.loginPageTest@a2431d0]" started-at="2024-01-16T20:40:29 IST" name="uppercaseLogin" finished-at="2024-01-16T20:40:32 IST" duration-ms="2588" status="PASS">
          <reporter-output>
          </reporter-output>
        </test-method> <!-- uppercaseLogin -->
        <test-method is-config="true" signature="tearDown()[pri:0, instance:in.automateORM.loginPageTest@a2431d0]" started-at="2024-01-16T20:40:32 IST" name="tearDown" finished-at="2024-01-16T20:40:32 IST" duration-ms="254" status="PASS">
          <reporter-output>
          </reporter-output>
        </test-method> <!-- tearDown -->
        <test-method is-config="true" signature="setUp()[pri:0, instance:in.automateORM.loginPageTest@a2431d0]" started-at="2024-01-16T20:40:32 IST" name="setUp" finished-at="2024-01-16T20:40:36 IST" duration-ms="3707" status="PASS">
          <reporter-output>
          </reporter-output>
        </test-method> <!-- setUp -->
        <test-method signature="invalidUsername()[pri:4, instance:in.automateORM.loginPageTest@a2431d0]" started-at="2024-01-16T20:40:36 IST" name="invalidUsername" finished-at="2024-01-16T20:40:39 IST" duration-ms="3419" status="PASS">
          <reporter-output>
          </reporter-output>
        </test-method> <!-- invalidUsername -->
        <test-method is-config="true" signature="tearDown()[pri:0, instance:in.automateORM.loginPageTest@a2431d0]" started-at="2024-01-16T20:40:39 IST" name="tearDown" finished-at="2024-01-16T20:40:39 IST" duration-ms="255" status="PASS">
          <reporter-output>
          </reporter-output>
        </test-method> <!-- tearDown -->
        <test-method is-config="true" signature="setUp()[pri:0, instance:in.automateORM.loginPageTest@a2431d0]" started-at="2024-01-16T20:40:39 IST" name="setUp" finished-at="2024-01-16T20:40:43 IST" duration-ms="3758" status="PASS">
          <reporter-output>
          </reporter-output>
        </test-method> <!-- setUp -->
        <test-method signature="invalidPassword()[pri:5, instance:in.automateORM.loginPageTest@a2431d0]" started-at="2024-01-16T20:40:43 IST" name="invalidPassword" finished-at="2024-01-16T20:40:47 IST" duration-ms="3413" status="PASS">
          <reporter-output>
          </reporter-output>
        </test-method> <!-- invalidPassword -->
        <test-method is-config="true" signature="tearDown()[pri:0, instance:in.automateORM.loginPageTest@a2431d0]" started-at="2024-01-16T20:40:47 IST" name="tearDown" finished-at="2024-01-16T20:40:47 IST" duration-ms="258" status="PASS">
          <reporter-output>
          </reporter-output>
        </test-method> <!-- tearDown -->
        <test-method is-config="true" signature="setUp()[pri:0, instance:in.automateORM.loginPageTest@a2431d0]" started-at="2024-01-16T20:40:47 IST" name="setUp" finished-at="2024-01-16T20:40:51 IST" duration-ms="3966" status="PASS">
          <reporter-output>
          </reporter-output>
        </test-method> <!-- setUp -->
        <test-method signature="emptyUsername()[pri:6, instance:in.automateORM.loginPageTest@a2431d0]" started-at="2024-01-16T20:40:51 IST" name="emptyUsername" finished-at="2024-01-16T20:40:54 IST" duration-ms="3380" status="PASS">
          <reporter-output>
          </reporter-output>
        </test-method> <!-- emptyUsername -->
        <test-method is-config="true" signature="tearDown()[pri:0, instance:in.automateORM.loginPageTest@a2431d0]" started-at="2024-01-16T20:40:54 IST" name="tearDown" finished-at="2024-01-16T20:40:54 IST" duration-ms="281" status="PASS">
          <reporter-output>
          </reporter-output>
        </test-method> <!-- tearDown -->
        <test-method is-config="true" signature="setUp()[pri:0, instance:in.automateORM.loginPageTest@a2431d0]" started-at="2024-01-16T20:40:54 IST" name="setUp" finished-at="2024-01-16T20:40:58 IST" duration-ms="4010" status="PASS">
          <reporter-output>
          </reporter-output>
        </test-method> <!-- setUp -->
        <test-method signature="emptyPassword()[pri:7, instance:in.automateORM.loginPageTest@a2431d0]" started-at="2024-01-16T20:40:58 IST" name="emptyPassword" finished-at="2024-01-16T20:41:02 IST" duration-ms="3281" status="PASS">
          <reporter-output>
          </reporter-output>
        </test-method> <!-- emptyPassword -->
        <test-method is-config="true" signature="tearDown()[pri:0, instance:in.automateORM.loginPageTest@a2431d0]" started-at="2024-01-16T20:41:02 IST" name="tearDown" finished-at="2024-01-16T20:41:02 IST" duration-ms="266" status="PASS">
          <reporter-output>
          </reporter-output>
        </test-method> <!-- tearDown -->
        <test-method is-config="true" signature="setUp()[pri:0, instance:in.automateORM.loginPageTest@a2431d0]" started-at="2024-01-16T20:41:02 IST" name="setUp" finished-at="2024-01-16T20:41:06 IST" duration-ms="3881" status="PASS">
          <reporter-output>
          </reporter-output>
        </test-method> <!-- setUp -->
        <test-method signature="emptyCred()[pri:8, instance:in.automateORM.loginPageTest@a2431d0]" started-at="2024-01-16T20:41:06 IST" name="emptyCred" finished-at="2024-01-16T20:41:09 IST" duration-ms="3353" status="PASS">
          <reporter-output>
          </reporter-output>
        </test-method> <!-- emptyCred -->
        <test-method is-config="true" signature="tearDown()[pri:0, instance:in.automateORM.loginPageTest@a2431d0]" started-at="2024-01-16T20:41:09 IST" name="tearDown" finished-at="2024-01-16T20:41:10 IST" duration-ms="311" status="PASS">
          <reporter-output>
          </reporter-output>
        </test-method> <!-- tearDown -->
      </class> <!-- in.automateORM.loginPageTest -->
    </test> <!-- Default test -->
  </suite> <!-- Default suite -->
</testng-results>
